
[17:35:16] Начало работы
[17:35:24] Закрытие позиций. На Bitmex: 11$, цена 238.1, на Binance -0.045 ETH, цена 238.05
[17:35:25] Bitmex: выставлен ордер на покупку на 11$
[17:35:25] Binance: выставлен ордер на продажу на 0.045
[17:35:27] Баланс Bitmex $106.7973925
[17:35:27] Баланс Binance $100.41130266
[19:55:19] Начало работы
[19:55:30] Балансы: Binance: 100.36$, Bitmex: 0.01131628 BTC(106.75$)
[19:57:59] Начало работы
[19:58:11] Балансы: Binance: 100.36$, Bitmex: 0.01131628 BTC(106.75$)
[23:9:10] Начало работы
[23:9:20] Закрытие позиций. На Bitmex: 0$, на Binance 0.068 ETH. Спред: 0.2300000000000182
[23:9:21] Binance: выставлен ордер на покупку на 0.068 по ~0.00000
[23:9:25] Балансы: Binance: 100.21$, Bitmex: 0.01143855 BTC(107.47$)
[11:55:33] Начало работы
[11:55:40] Закрытие позиций. На Bitmex: 0$, на Binance 0.07 ETH. Спред: 0.1599999999999966
[11:55:40] Binance: выставлен ордер на покупку на 0.07 по ~0.00000
[11:55:42] Балансы: Binance: 100.17$, Bitmex: 0.01146981 BTC(108.81$)
[12:10:49] Начало работы
[12:10:59] Балансы: Binance: 100.17$, Bitmex: 0.01145811 BTC(109.15$)
[12:34:34] Начало работы
[12:37:9] Начало работы
[12:37:17] Балансы: Binance: 100.17$, Bitmex: 0.01145551 BTC(108.82$)
[12:38:50] Начало работы
[12:38:58] Балансы: Binance: 100.17$, Bitmex: 0.01145951 BTC(108.79$)
[12:40:28] Начало работы
[12:40:37] Балансы: Binance: 100.17$, Bitmex: 0.01145851 BTC(108.75$)
[12:52:46] Начало работы
[12:52:56] Балансы: Binance: 100.17$, Bitmex: 0.01146201 BTC(108.75$)
[18:59:28] Начало работы
[18:59:37] Балансы: Binance: 100.17$, Bitmex: 0.01146966 BTC(108.3$)
[19:9:9] Начало работы
[19:9:17] Балансы: Binance: 100.17$, Bitmex: 0.01147116 BTC(108.14$)
[19:13:8] Bitmex: 232.95, Binance: 233.01, спред: -0.06. Начинаем продавать на Binance и покупать на Bitmex
[19:13:9] В стакане достаточно средств для позиции в 14$
[19:13:9] Bitmex: выставлен limit ордер на покупку на 14$ по ~232.95
[19:32:0] Начало работы
[19:32:8] Балансы: Binance: 100.17$, Bitmex: 0.01145986 BTC(108.74$)
[19:32:51] Bitmex: 233.75, Binance: 233.82, спред: -0.07. Начинаем продавать на Binance и покупать на Bitmex
[19:32:51] В стакане достаточно средств для позиции в 14$
[19:32:52] Bitmex: выставлен limit ордер на покупку на 14$ по ~233.75
[19:32:52] Bitmex: выставлен limit ордер на покупку на 14$ по ~233.75
[19:32:52] Bitmex: выставлен limit ордер на покупку на 14$ по ~233.75
[19:32:52] Bitmex: выставлен limit ордер на покупку на 14$ по ~233.75
[19:32:52] Bitmex: выставлен limit ордер на покупку на 14$ по ~233.75
[19:32:52] Bitmex: выставлен limit ордер на покупку на 14$ по ~233.75
[19:32:52] Bitmex: выставлен limit ордер на покупку на 14$ по ~233.75
[19:32:52] Bitmex: выставлен limit ордер на покупку на 14$ по ~233.75
[19:32:52] Bitmex: выставлен limit ордер на покупку на 14$ по ~233.75
[19:32:52] Bitmex: выставлен limit ордер на покупку на 14$ по ~233.75
[19:32:52] Bitmex: выставлен limit ордер на покупку на 14$ по ~233.75
[19:32:52] Bitmex: выставлен limit ордер на покупку на 14$ по ~233.75
[19:32:52] Bitmex: выставлен limit ордер на покупку на 14$ по ~233.75
[19:32:52] Bitmex: выставлен limit ордер на покупку на 14$ по ~233.75
[19:32:52] Bitmex: выставлен limit ордер на покупку на 14$ по ~233.75
[19:32:53] Bitmex: выставлен limit ордер на покупку на 14$ по ~233.75
[19:32:53] Bitmex: выставлен limit ордер на покупку на 14$ по ~233.75
[19:32:53] Bitmex: выставлен limit ордер на покупку на 14$ по ~233.75
[19:32:53] Bitmex: выставлен limit ордер на покупку на 14$ по ~233.75
[19:32:53] Bitmex: выставлен limit ордер на покупку на 14$ по ~233.75
[19:32:53] Bitmex: выставлен limit ордер на покупку на 14$ по ~233.75
[19:32:53] Bitmex: выставлен limit ордер на покупку на 14$ по ~233.75
[19:32:53] Bitmex: выставлен limit ордер на покупку на 14$ по ~233.75
[19:32:53] Bitmex: выставлен limit ордер на покупку на 14$ по ~233.75
[19:32:53] Bitmex: выставлен limit ордер на покупку на 14$ по ~233.75
[19:32:53] Bitmex: выставлен limit ордер на покупку на 14$ по ~233.75
[19:32:53] Bitmex: выставлен limit ордер на покупку на 14$ по ~233.75
[19:32:53] Bitmex: выставлен limit ордер на покупку на 14$ по ~233.75
[19:32:53] Bitmex: выставлен limit ордер на покупку на 14$ по ~233.75
[19:32:53] Bitmex: выставлен limit ордер на покупку на 14$ по ~233.75
[19:32:54] Bitmex: выставлен limit ордер на покупку на 14$ по ~233.75
[19:32:54] Bitmex: выставлен limit ордер на покупку на 14$ по ~233.75
[19:32:54] Bitmex: выставлен limit ордер на покупку на 14$ по ~233.75
[19:32:54] Bitmex: выставлен limit ордер на покупку на 14$ по ~233.75
[19:32:54] Bitmex: выставлен limit ордер на покупку на 14$ по ~233.75
[19:32:54] Bitmex: выставлен limit ордер на покупку на 14$ по ~233.75
[19:32:54] Bitmex: выставлен limit ордер на покупку на 14$ по ~233.75
[19:32:54] Bitmex: выставлен limit ордер на покупку на 14$ по ~233.75
[19:32:54] Bitmex: выставлен limit ордер на покупку на 14$ по ~233.75
[19:32:54] Bitmex: выставлен limit ордер на покупку на 14$ по ~233.75
[19:32:54] Bitmex: выставлен limit ордер на покупку на 14$ по ~233.75
[19:32:54] Bitmex: выставлен limit ордер на покупку на 14$ по ~233.75
[19:32:54] Bitmex: выставлен limit ордер на покупку на 14$ по ~233.75
[19:32:54] Bitmex: выставлен limit ордер на покупку на 14$ по ~233.75
[19:32:54] Bitmex: выставлен limit ордер на покупку на 14$ по ~233.75
[19:32:55] Bitmex: выставлен limit ордер на покупку на 14$ по ~233.75
[19:32:55] Bitmex: выставлен limit ордер на покупку на 14$ по ~233.75
[19:32:55] Bitmex: выставлен limit ордер на покупку на 14$ по ~233.75
[19:32:55] Bitmex: выставлен limit ордер на покупку на 14$ по ~233.75
[19:32:55] Bitmex: выставлен limit ордер на покупку на 14$ по ~233.75
[19:32:55] Bitmex: выставлен limit ордер на покупку на 14$ по ~233.75
[19:32:55] Bitmex: выставлен limit ордер на покупку на 14$ по ~233.75
[19:32:55] Bitmex: выставлен limit ордер на покупку на 14$ по ~233.75
[19:32:55] Bitmex: выставлен limit ордер на покупку на 14$ по ~233.75
[19:32:55] Bitmex: выставлен limit ордер на покупку на 14$ по ~233.75
[19:32:56] Bitmex: выставлен limit ордер на покупку на 14$ по ~233.75
[19:32:56] Bitmex: выставлен limit ордер на покупку на 14$ по ~233.75
[19:32:56] Bitmex: выставлен limit ордер на покупку на 14$ по ~233.75
[19:32:56] Bitmex: выставлен limit ордер на покупку на 14$ по ~233.75
[19:32:56] Bitmex: выставлен limit ордер на покупку на 14$ по ~233.75
[19:32:56] Bitmex: выставлен limit ордер на покупку на 14$ по ~233.75
[19:32:56] Bitmex: выставлен limit ордер на покупку на 14$ по ~233.75
[19:32:56] Bitmex: выставлен limit ордер на покупку на 14$ по ~233.75
[19:32:56] bitmex error order placing:429 Too Many Requests: Response specification matching http status_code 429 not found for operation Operation(Order_new). Either add a response specification for the status_code or use a `default` response.
[19:32:56] Ошибка выставления ордера на Bitmex. Повтор через 5 секунд. Попытка №1
[19:33:1] Bitmex: выставлен limit ордер на покупку на 14$ по ~233.75
[19:33:1] Bitmex: выставлен limit ордер на покупку на 14$ по ~233.75
[19:33:1] Bitmex: выставлен limit ордер на покупку на 14$ по ~233.75
[19:33:1] Bitmex: выставлен limit ордер на покупку на 14$ по ~233.75
[19:33:1] Bitmex: выставлен limit ордер на покупку на 14$ по ~233.75
[19:33:1] Bitmex: выставлен limit ордер на покупку на 14$ по ~233.75
[19:33:2] bitmex error order placing:429 Too Many Requests: Response specification matching http status_code 429 not found for operation Operation(Order_new). Either add a response specification for the status_code or use a `default` response.
[19:33:2] Ошибка выставления ордера на Bitmex. Повтор через 5 секунд. Попытка №1
[19:33:7] Bitmex: выставлен limit ордер на покупку на 14$ по ~233.75
[19:33:7] Bitmex: выставлен limit ордер на покупку на 14$ по ~233.75
[19:33:7] Bitmex: выставлен limit ордер на покупку на 14$ по ~233.75
[19:33:7] Bitmex: выставлен limit ордер на покупку на 14$ по ~233.75
[19:33:7] Bitmex: выставлен limit ордер на покупку на 14$ по ~233.75
[19:33:7] bitmex error order placing:429 Too Many Requests: Response specification matching http status_code 429 not found for operation Operation(Order_new). Either add a response specification for the status_code or use a `default` response.
[19:33:7] Ошибка выставления ордера на Bitmex. Повтор через 5 секунд. Попытка №1
[19:33:12] Bitmex: выставлен limit ордер на покупку на 14$ по ~233.75
[19:35:51] Начало работы
[19:35:59] Балансы: Binance: 100.17$, Bitmex: 0.01145886 BTC(108.66$)